<?xml version="1.0" encoding="UTF-8"?>
<!-- Generated by org.testng.reporters.JUnitReportReporter -->
<testsuite hostname="Kalyani" failures="0" tests="1" name="testcases.LoginTest" time="34.228" errors="0" timestamp="10 May 2023 03:38:38 GMT" skipped="0">
  <testcase classname="testcases.LoginTest" name="test1" time="34.228"/>
</testsuite> <!-- testcases.LoginTest -->
