<?xml version="1.0" encoding="UTF-8"?>
<!-- Generated by org.testng.reporters.JUnitReportReporter -->
<testsuite hostname="Kalyani" failures="0" tests="3" name="testcases.LoginTest" time="72.789" errors="0" timestamp="13 May 2023 04:39:23 GMT" skipped="0">
  <testcase classname="testcases.LoginTest" name="test2" time="9.943"/>
  <testcase classname="testcases.LoginTest" name="test4" time="51.739"/>
  <testcase classname="testcases.LoginTest" name="test1" time="11.107"/>
</testsuite> <!-- testcases.LoginTest -->
