<?xml version="1.0" encoding="UTF-8"?>
<!-- Generated by org.testng.reporters.JUnitReportReporter -->
<testsuite hostname="Kalyani" failures="0" tests="1" name="testcases.HomePageTest" time="3.177" errors="0" timestamp="08 May 2023 18:10:11 GMT" skipped="0">
  <testcase classname="testcases.HomePageTest" name="test3" time="3.177"/>
</testsuite> <!-- testcases.HomePageTest -->
