<?xml version="1.0" encoding="UTF-8"?>
<!-- Generated by org.testng.reporters.JUnitReportReporter -->
<testsuite hostname="Kalyani" failures="0" tests="1" name="testcases.HomePageTest" time="2.889" errors="0" timestamp="13 May 2023 12:15:38 GMT" skipped="0">
  <testcase classname="testcases.HomePageTest" name="test3" time="2.889"/>
</testsuite> <!-- testcases.HomePageTest -->
